The target system is: Generic - 3.1.99 - arm
The host system is: Linux - 5.15.0-1026-aws - x86_64
Compiling the C compiler identification source file "CMakeCCompilerId.c" succeeded.
Compiler: /workdir/zephyr-sdk/arm-zephyr-eabi/bin/arm-zephyr-eabi-gcc 
Build flags: 
Id flags: -c 

The output was:
0


Compilation of the C compiler identification source "CMakeCCompilerId.c" produced "CMakeCCompilerId.o"

The C compiler identification is GNU, found in "/workdir/project/build_circuitdojo_feather_nrf9160_ns/CMakeFiles/3.25.0/CompilerIdC/CMakeCCompilerId.o"

Compiling the CXX compiler identification source file "CMakeCXXCompilerId.cpp" succeeded.
Compiler: /workdir/zephyr-sdk/arm-zephyr-eabi/bin/arm-zephyr-eabi-g++ 
Build flags: 
Id flags: -c 

The output was:
0


Compilation of the CXX compiler identification source "CMakeCXXCompilerId.cpp" produced "CMakeCXXCompilerId.o"

The CXX compiler identification is GNU, found in "/workdir/project/build_circuitdojo_feather_nrf9160_ns/CMakeFiles/3.25.0/CompilerIdCXX/CMakeCXXCompilerId.o"

Checking whether the ASM compiler is GNU using "--version" matched "(GNU assembler)|(GCC)|(Free Software Foundation)":
arm-zephyr-eabi-gcc (Zephyr SDK 0.14.1) 10.3.0
Copyright (C) 2020 Free Software Foundation, Inc.
This is free software; see the source for copying conditions.  There is NO
warranty; not even for MERCHANTABILITY or FITNESS FOR A PARTICULAR PURPOSE.

Performing C SOURCE FILE Test check_C__nostartfiles__nostdlib__isystem___workdir_zephyr_sdk_arm_zephyr_eabi_bin____lib_gcc_arm_zephyr_eabi_10_3_0_include___isystem___workdir_zephyr_sdk_arm_zephyr_eabi_bin____lib_gcc_arm_zephyr_eabi_10_3_0_include_fixed___Wl___unresolved_symbols_ignore_in_object_files__Wl___entry_0 succeeded with the following output:
Change Dir: /workdir/project/build_circuitdojo_feather_nrf9160_ns/CMakeFiles/CMakeScratch/TryCompile-CCNLzZ

Run Build Command(s):/usr/bin/ninja cmTC_ddd6e && [1/2] Building C object CMakeFiles/cmTC_ddd6e.dir/src.c.obj
[2/2] Linking C executable cmTC_ddd6e


Source file was:
int main(void) { return 0; }

Performing C SOURCE FILE Test check_C__nostartfiles__nostdlib__isystem___workdir_zephyr_sdk_arm_zephyr_eabi_bin____lib_gcc_arm_zephyr_eabi_10_3_0_include___isystem___workdir_zephyr_sdk_arm_zephyr_eabi_bin____lib_gcc_arm_zephyr_eabi_10_3_0_include_fixed___Wl___unresolved_symbols_ignore_in_object_files__Wl___entry_0_ succeeded with the following output:
Change Dir: /workdir/project/build_circuitdojo_feather_nrf9160_ns/CMakeFiles/CMakeScratch/TryCompile-dykGuT

Run Build Command(s):/usr/bin/ninja cmTC_1a47e && [1/2] Building C object CMakeFiles/cmTC_1a47e.dir/src.c.obj
[2/2] Linking C executable cmTC_1a47e


Source file was:
int main(void) { return 0; }

Performing C SOURCE FILE Test check_Wall_C__nostartfiles__nostdlib__isystem___workdir_zephyr_sdk_arm_zephyr_eabi_bin____lib_gcc_arm_zephyr_eabi_10_3_0_include___isystem___workdir_zephyr_sdk_arm_zephyr_eabi_bin____lib_gcc_arm_zephyr_eabi_10_3_0_include_fixed___Wl___unresolved_symbols_ignore_in_object_files__Wl___entry_0 succeeded with the following output:
Change Dir: /workdir/project/build_circuitdojo_feather_nrf9160_ns/CMakeFiles/CMakeScratch/TryCompile-4q5lAC

Run Build Command(s):/usr/bin/ninja cmTC_ac703 && [1/2] Building C object CMakeFiles/cmTC_ac703.dir/src.c.obj
[2/2] Linking C executable cmTC_ac703


Source file was:
int main(void) { return 0; }

Performing C SOURCE FILE Test check_Wformat_C__nostartfiles__nostdlib__isystem___workdir_zephyr_sdk_arm_zephyr_eabi_bin____lib_gcc_arm_zephyr_eabi_10_3_0_include___isystem___workdir_zephyr_sdk_arm_zephyr_eabi_bin____lib_gcc_arm_zephyr_eabi_10_3_0_include_fixed___Wl___unresolved_symbols_ignore_in_object_files__Wl___entry_0 succeeded with the following output:
Change Dir: /workdir/project/build_circuitdojo_feather_nrf9160_ns/CMakeFiles/CMakeScratch/TryCompile-07em30

Run Build Command(s):/usr/bin/ninja cmTC_afb61 && [1/2] Building C object CMakeFiles/cmTC_afb61.dir/src.c.obj
[2/2] Linking C executable cmTC_afb61


Source file was:
int main(void) { return 0; }

Performing C SOURCE FILE Test check_Wformat_security_C__nostartfiles__nostdlib__isystem___workdir_zephyr_sdk_arm_zephyr_eabi_bin____lib_gcc_arm_zephyr_eabi_10_3_0_include___isystem___workdir_zephyr_sdk_arm_zephyr_eabi_bin____lib_gcc_arm_zephyr_eabi_10_3_0_include_fixed___Wl___unresolved_symbols_ignore_in_object_files__Wl___entry_0 succeeded with the following output:
Change Dir: /workdir/project/build_circuitdojo_feather_nrf9160_ns/CMakeFiles/CMakeScratch/TryCompile-DpW2VD

Run Build Command(s):/usr/bin/ninja cmTC_2a4ac && [1/2] Building C object CMakeFiles/cmTC_2a4ac.dir/src.c.obj
cc1: warning: '-Wformat-security' ignored without '-Wformat' [-Wformat-security]
[2/2] Linking C executable cmTC_2a4ac


Source file was:
int main(void) { return 0; }

Performing C SOURCE FILE Test check_Wformat_zero_length_C__nostartfiles__nostdlib__isystem___workdir_zephyr_sdk_arm_zephyr_eabi_bin____lib_gcc_arm_zephyr_eabi_10_3_0_include___isystem___workdir_zephyr_sdk_arm_zephyr_eabi_bin____lib_gcc_arm_zephyr_eabi_10_3_0_include_fixed___Wl___unresolved_symbols_ignore_in_object_files__Wl___entry_0 succeeded with the following output:
Change Dir: /workdir/project/build_circuitdojo_feather_nrf9160_ns/CMakeFiles/CMakeScratch/TryCompile-jAWLlC

Run Build Command(s):/usr/bin/ninja cmTC_98ad5 && [1/2] Building C object CMakeFiles/cmTC_98ad5.dir/src.c.obj
cc1: warning: '-Wformat-zero-length' ignored without '-Wformat' [-Wformat-zero-length]
[2/2] Linking C executable cmTC_98ad5


Source file was:
int main(void) { return 0; }

Performing C SOURCE FILE Test check_Wmain_C__nostartfiles__nostdlib__isystem___workdir_zephyr_sdk_arm_zephyr_eabi_bin____lib_gcc_arm_zephyr_eabi_10_3_0_include___isystem___workdir_zephyr_sdk_arm_zephyr_eabi_bin____lib_gcc_arm_zephyr_eabi_10_3_0_include_fixed___Wl___unresolved_symbols_ignore_in_object_files__Wl___entry_0 succeeded with the following output:
Change Dir: /workdir/project/build_circuitdojo_feather_nrf9160_ns/CMakeFiles/CMakeScratch/TryCompile-hr8tce

Run Build Command(s):/usr/bin/ninja cmTC_b138e && [1/2] Building C object CMakeFiles/cmTC_b138e.dir/src.c.obj
[2/2] Linking C executable cmTC_b138e


Source file was:
int main(void) { return 0; }

Performing C SOURCE FILE Test check_Wpointer_sign_C__nostartfiles__nostdlib__isystem___workdir_zephyr_sdk_arm_zephyr_eabi_bin____lib_gcc_arm_zephyr_eabi_10_3_0_include___isystem___workdir_zephyr_sdk_arm_zephyr_eabi_bin____lib_gcc_arm_zephyr_eabi_10_3_0_include_fixed___Wl___unresolved_symbols_ignore_in_object_files__Wl___entry_0 succeeded with the following output:
Change Dir: /workdir/project/build_circuitdojo_feather_nrf9160_ns/CMakeFiles/CMakeScratch/TryCompile-cRfoCJ

Run Build Command(s):/usr/bin/ninja cmTC_b1cfd && [1/2] Building C object CMakeFiles/cmTC_b1cfd.dir/src.c.obj
[2/2] Linking C executable cmTC_b1cfd


Source file was:
int main(void) { return 0; }

Performing C SOURCE FILE Test check_Wpointer_arith_C__nostartfiles__nostdlib__isystem___workdir_zephyr_sdk_arm_zephyr_eabi_bin____lib_gcc_arm_zephyr_eabi_10_3_0_include___isystem___workdir_zephyr_sdk_arm_zephyr_eabi_bin____lib_gcc_arm_zephyr_eabi_10_3_0_include_fixed___Wl___unresolved_symbols_ignore_in_object_files__Wl___entry_0 succeeded with the following output:
Change Dir: /workdir/project/build_circuitdojo_feather_nrf9160_ns/CMakeFiles/CMakeScratch/TryCompile-ZDwdTg

Run Build Command(s):/usr/bin/ninja cmTC_5a5f5 && [1/2] Building C object CMakeFiles/cmTC_5a5f5.dir/src.c.obj
[2/2] Linking C executable cmTC_5a5f5


Source file was:
int main(void) { return 0; }

Performing C SOURCE FILE Test check_Wexpansion_to_defined_C__nostartfiles__nostdlib__isystem___workdir_zephyr_sdk_arm_zephyr_eabi_bin____lib_gcc_arm_zephyr_eabi_10_3_0_include___isystem___workdir_zephyr_sdk_arm_zephyr_eabi_bin____lib_gcc_arm_zephyr_eabi_10_3_0_include_fixed___Wl___unresolved_symbols_ignore_in_object_files__Wl___entry_0 succeeded with the following output:
Change Dir: /workdir/project/build_circuitdojo_feather_nrf9160_ns/CMakeFiles/CMakeScratch/TryCompile-lZtY0X

Run Build Command(s):/usr/bin/ninja cmTC_c58ba && [1/2] Building C object CMakeFiles/cmTC_c58ba.dir/src.c.obj
[2/2] Linking C executable cmTC_c58ba


Source file was:
int main(void) { return 0; }

Performing C SOURCE FILE Test check_Wlogical_op_C__nostartfiles__nostdlib__isystem___workdir_zephyr_sdk_arm_zephyr_eabi_bin____lib_gcc_arm_zephyr_eabi_10_3_0_include___isystem___workdir_zephyr_sdk_arm_zephyr_eabi_bin____lib_gcc_arm_zephyr_eabi_10_3_0_include_fixed___Wl___unresolved_symbols_ignore_in_object_files__Wl___entry_0 succeeded with the following output:
Change Dir: /workdir/project/build_circuitdojo_feather_nrf9160_ns/CMakeFiles/CMakeScratch/TryCompile-wxV4Fb

Run Build Command(s):/usr/bin/ninja cmTC_28dce && [1/2] Building C object CMakeFiles/cmTC_28dce.dir/src.c.obj
[2/2] Linking C executable cmTC_28dce


Source file was:
int main(void) { return 0; }

Performing C SOURCE FILE Test check_Wmissing_field_initializers_C__nostartfiles__nostdlib__isystem___workdir_zephyr_sdk_arm_zephyr_eabi_bin____lib_gcc_arm_zephyr_eabi_10_3_0_include___isystem___workdir_zephyr_sdk_arm_zephyr_eabi_bin____lib_gcc_arm_zephyr_eabi_10_3_0_include_fixed___Wl___unresolved_symbols_ignore_in_object_files__Wl___entry_0 succeeded with the following output:
Change Dir: /workdir/project/build_circuitdojo_feather_nrf9160_ns/CMakeFiles/CMakeScratch/TryCompile-ZI7MN7

Run Build Command(s):/usr/bin/ninja cmTC_f41ac && [1/2] Building C object CMakeFiles/cmTC_f41ac.dir/src.c.obj
[2/2] Linking C executable cmTC_f41ac


Source file was:
int main(void) { return 0; }

Performing C SOURCE FILE Test check_Wpacked_bitfield_compat_C__nostartfiles__nostdlib__isystem___workdir_zephyr_sdk_arm_zephyr_eabi_bin____lib_gcc_arm_zephyr_eabi_10_3_0_include___isystem___workdir_zephyr_sdk_arm_zephyr_eabi_bin____lib_gcc_arm_zephyr_eabi_10_3_0_include_fixed___Wl___unresolved_symbols_ignore_in_object_files__Wl___entry_0 succeeded with the following output:
Change Dir: /workdir/project/build_circuitdojo_feather_nrf9160_ns/CMakeFiles/CMakeScratch/TryCompile-obYgzF

Run Build Command(s):/usr/bin/ninja cmTC_f9099 && [1/2] Building C object CMakeFiles/cmTC_f9099.dir/src.c.obj
[2/2] Linking C executable cmTC_f9099


Source file was:
int main(void) { return 0; }

Performing C SOURCE FILE Test check_Wvla_C__nostartfiles__nostdlib__isystem___workdir_zephyr_sdk_arm_zephyr_eabi_bin____lib_gcc_arm_zephyr_eabi_10_3_0_include___isystem___workdir_zephyr_sdk_arm_zephyr_eabi_bin____lib_gcc_arm_zephyr_eabi_10_3_0_include_fixed___Wl___unresolved_symbols_ignore_in_object_files__Wl___entry_0 succeeded with the following output:
Change Dir: /workdir/project/build_circuitdojo_feather_nrf9160_ns/CMakeFiles/CMakeScratch/TryCompile-W8MiCl

Run Build Command(s):/usr/bin/ninja cmTC_d8796 && [1/2] Building C object CMakeFiles/cmTC_d8796.dir/src.c.obj
[2/2] Linking C executable cmTC_d8796


Source file was:
int main(void) { return 0; }

Performing C SOURCE FILE Test check_Wunused_but_set_variable_C__nostartfiles__nostdlib__isystem___workdir_zephyr_sdk_arm_zephyr_eabi_bin____lib_gcc_arm_zephyr_eabi_10_3_0_include___isystem___workdir_zephyr_sdk_arm_zephyr_eabi_bin____lib_gcc_arm_zephyr_eabi_10_3_0_include_fixed___Wl___unresolved_symbols_ignore_in_object_files__Wl___entry_0 succeeded with the following output:
Change Dir: /workdir/project/build_circuitdojo_feather_nrf9160_ns/CMakeFiles/CMakeScratch/TryCompile-xGFX6m

Run Build Command(s):/usr/bin/ninja cmTC_eb697 && [1/2] Building C object CMakeFiles/cmTC_eb697.dir/src.c.obj
[2/2] Linking C executable cmTC_eb697


Source file was:
int main(void) { return 0; }

Performing C SOURCE FILE Test check_Werror_implicit_int_C__nostartfiles__nostdlib__isystem___workdir_zephyr_sdk_arm_zephyr_eabi_bin____lib_gcc_arm_zephyr_eabi_10_3_0_include___isystem___workdir_zephyr_sdk_arm_zephyr_eabi_bin____lib_gcc_arm_zephyr_eabi_10_3_0_include_fixed___Wl___unresolved_symbols_ignore_in_object_files__Wl___entry_0 succeeded with the following output:
Change Dir: /workdir/project/build_circuitdojo_feather_nrf9160_ns/CMakeFiles/CMakeScratch/TryCompile-atQLER

Run Build Command(s):/usr/bin/ninja cmTC_000ba && [1/2] Building C object CMakeFiles/cmTC_000ba.dir/src.c.obj
[2/2] Linking C executable cmTC_000ba


Source file was:
int main(void) { return 0; }

Performing C SOURCE FILE Test check_fno_freestanding_C__nostartfiles__nostdlib__isystem___workdir_zephyr_sdk_arm_zephyr_eabi_bin____lib_gcc_arm_zephyr_eabi_10_3_0_include___isystem___workdir_zephyr_sdk_arm_zephyr_eabi_bin____lib_gcc_arm_zephyr_eabi_10_3_0_include_fixed___Wl___unresolved_symbols_ignore_in_object_files__Wl___entry_0 succeeded with the following output:
Change Dir: /workdir/project/build_circuitdojo_feather_nrf9160_ns/CMakeFiles/CMakeScratch/TryCompile-Y5EgGi

Run Build Command(s):/usr/bin/ninja cmTC_31b6b && [1/2] Building C object CMakeFiles/cmTC_31b6b.dir/src.c.obj
[2/2] Linking C executable cmTC_31b6b


Source file was:
int main(void) { return 0; }

Performing C SOURCE FILE Test check_ffreestanding_C__nostartfiles__nostdlib__isystem___workdir_zephyr_sdk_arm_zephyr_eabi_bin____lib_gcc_arm_zephyr_eabi_10_3_0_include___isystem___workdir_zephyr_sdk_arm_zephyr_eabi_bin____lib_gcc_arm_zephyr_eabi_10_3_0_include_fixed___Wl___unresolved_symbols_ignore_in_object_files__Wl___entry_0 succeeded with the following output:
Change Dir: /workdir/project/build_circuitdojo_feather_nrf9160_ns/CMakeFiles/CMakeScratch/TryCompile-UbMdZS

Run Build Command(s):/usr/bin/ninja cmTC_c82da && [1/2] Building C object CMakeFiles/cmTC_c82da.dir/src.c.obj
[2/2] Linking C executable cmTC_c82da


Source file was:
int main(void) { return 0; }

Performing C SOURCE FILE Test check_gdwarf_4_C__nostartfiles__nostdlib__isystem___workdir_zephyr_sdk_arm_zephyr_eabi_bin____lib_gcc_arm_zephyr_eabi_10_3_0_include___isystem___workdir_zephyr_sdk_arm_zephyr_eabi_bin____lib_gcc_arm_zephyr_eabi_10_3_0_include_fixed___Wl___unresolved_symbols_ignore_in_object_files__Wl___entry_0 succeeded with the following output:
Change Dir: /workdir/project/build_circuitdojo_feather_nrf9160_ns/CMakeFiles/CMakeScratch/TryCompile-kaXNRa

Run Build Command(s):/usr/bin/ninja cmTC_4e65b && [1/2] Building C object CMakeFiles/cmTC_4e65b.dir/src.c.obj
[2/2] Linking C executable cmTC_4e65b


Source file was:
int main(void) { return 0; }

Performing C SOURCE FILE Test check_C__nostartfiles__nostdlib__isystem___workdir_zephyr_sdk_arm_zephyr_eabi_bin____lib_gcc_arm_zephyr_eabi_10_3_0_include___isystem___workdir_zephyr_sdk_arm_zephyr_eabi_bin____lib_gcc_arm_zephyr_eabi_10_3_0_include_fixed___Wl___unresolved_symbols_ignore_in_object_files__Wl___entry_0__Wl___print_memory_usage succeeded with the following output:
Change Dir: /workdir/project/build_circuitdojo_feather_nrf9160_ns/CMakeFiles/CMakeScratch/TryCompile-qiAGDI

Run Build Command(s):/usr/bin/ninja cmTC_ca0b1 && [1/2] Building C object CMakeFiles/cmTC_ca0b1.dir/src.c.obj
[2/2] Linking C executable cmTC_ca0b1
Memory region         Used Size  Region Size  %age Used


Source file was:
int main(void) { return 0; }

Performing C SOURCE FILE Test check_C__nostartfiles__nostdlib__isystem___workdir_zephyr_sdk_arm_zephyr_eabi_bin____lib_gcc_arm_zephyr_eabi_10_3_0_include___isystem___workdir_zephyr_sdk_arm_zephyr_eabi_bin____lib_gcc_arm_zephyr_eabi_10_3_0_include_fixed___Wl___unresolved_symbols_ignore_in_object_files__Wl___entry_0__fsanitize_address succeeded with the following output:
Change Dir: /workdir/project/build_circuitdojo_feather_nrf9160_ns/CMakeFiles/CMakeScratch/TryCompile-TDZFMs

Run Build Command(s):/usr/bin/ninja cmTC_64c3c && [1/2] Building C object CMakeFiles/cmTC_64c3c.dir/src.c.obj
[2/2] Linking C executable cmTC_64c3c


Source file was:
int main(void) { return 0; }

Performing C SOURCE FILE Test check_C__nostartfiles__nostdlib__isystem___workdir_zephyr_sdk_arm_zephyr_eabi_bin____lib_gcc_arm_zephyr_eabi_10_3_0_include___isystem___workdir_zephyr_sdk_arm_zephyr_eabi_bin____lib_gcc_arm_zephyr_eabi_10_3_0_include_fixed___Wl___unresolved_symbols_ignore_in_object_files__Wl___entry_0__fsanitize_undefined succeeded with the following output:
Change Dir: /workdir/project/build_circuitdojo_feather_nrf9160_ns/CMakeFiles/CMakeScratch/TryCompile-A6puj8

Run Build Command(s):/usr/bin/ninja cmTC_f8e7b && [1/2] Building C object CMakeFiles/cmTC_f8e7b.dir/src.c.obj
[2/2] Linking C executable cmTC_f8e7b


Source file was:
int main(void) { return 0; }

Performing C SOURCE FILE Test check_C__nostartfiles__nostdlib__isystem___workdir_zephyr_sdk_arm_zephyr_eabi_bin____lib_gcc_arm_zephyr_eabi_10_3_0_include___isystem___workdir_zephyr_sdk_arm_zephyr_eabi_bin____lib_gcc_arm_zephyr_eabi_10_3_0_include_fixed___Wl___unresolved_symbols_ignore_in_object_files__Wl___entry_0__pg succeeded with the following output:
Change Dir: /workdir/project/build_circuitdojo_feather_nrf9160_ns/CMakeFiles/CMakeScratch/TryCompile-bjH1sl

Run Build Command(s):/usr/bin/ninja cmTC_3c5b8 && [1/2] Building C object CMakeFiles/cmTC_3c5b8.dir/src.c.obj
[2/2] Linking C executable cmTC_3c5b8


Source file was:
int main(void) { return 0; }

Performing C SOURCE FILE Test check_C__nostartfiles__nostdlib__isystem___workdir_zephyr_sdk_arm_zephyr_eabi_bin____lib_gcc_arm_zephyr_eabi_10_3_0_include___isystem___workdir_zephyr_sdk_arm_zephyr_eabi_bin____lib_gcc_arm_zephyr_eabi_10_3_0_include_fixed___Wl___unresolved_symbols_ignore_in_object_files__Wl___entry_0__no_pie succeeded with the following output:
Change Dir: /workdir/project/build_circuitdojo_feather_nrf9160_ns/CMakeFiles/CMakeScratch/TryCompile-hQZK7o

Run Build Command(s):/usr/bin/ninja cmTC_aef53 && [1/2] Building C object CMakeFiles/cmTC_aef53.dir/src.c.obj
[2/2] Linking C executable cmTC_aef53


Source file was:
int main(void) { return 0; }

Performing C SOURCE FILE Test check_C__nostartfiles__nostdlib__isystem___workdir_zephyr_sdk_arm_zephyr_eabi_bin____lib_gcc_arm_zephyr_eabi_10_3_0_include___isystem___workdir_zephyr_sdk_arm_zephyr_eabi_bin____lib_gcc_arm_zephyr_eabi_10_3_0_include_fixed___Wl___unresolved_symbols_ignore_in_object_files__Wl___entry_0__mcpu_cortex_m33 succeeded with the following output:
Change Dir: /workdir/project/build_circuitdojo_feather_nrf9160_ns/CMakeFiles/CMakeScratch/TryCompile-uQP7LT

Run Build Command(s):/usr/bin/ninja cmTC_d405d && [1/2] Building C object CMakeFiles/cmTC_d405d.dir/src.c.obj
[2/2] Linking C executable cmTC_d405d


Source file was:
int main(void) { return 0; }

Performing C SOURCE FILE Test check_C__nostartfiles__nostdlib__isystem___workdir_zephyr_sdk_arm_zephyr_eabi_bin____lib_gcc_arm_zephyr_eabi_10_3_0_include___isystem___workdir_zephyr_sdk_arm_zephyr_eabi_bin____lib_gcc_arm_zephyr_eabi_10_3_0_include_fixed___Wl___unresolved_symbols_ignore_in_object_files__Wl___entry_0__mthumb succeeded with the following output:
Change Dir: /workdir/project/build_circuitdojo_feather_nrf9160_ns/CMakeFiles/CMakeScratch/TryCompile-piaL3a

Run Build Command(s):/usr/bin/ninja cmTC_f8977 && [1/2] Building C object CMakeFiles/cmTC_f8977.dir/src.c.obj
[2/2] Linking C executable cmTC_f8977


Source file was:
int main(void) { return 0; }

Performing C SOURCE FILE Test check_C__nostartfiles__nostdlib__isystem___workdir_zephyr_sdk_arm_zephyr_eabi_bin____lib_gcc_arm_zephyr_eabi_10_3_0_include___isystem___workdir_zephyr_sdk_arm_zephyr_eabi_bin____lib_gcc_arm_zephyr_eabi_10_3_0_include_fixed___Wl___unresolved_symbols_ignore_in_object_files__Wl___entry_0__mabi_aapcs succeeded with the following output:
Change Dir: /workdir/project/build_circuitdojo_feather_nrf9160_ns/CMakeFiles/CMakeScratch/TryCompile-Z3zBeJ

Run Build Command(s):/usr/bin/ninja cmTC_5f05f && [1/2] Building C object CMakeFiles/cmTC_5f05f.dir/src.c.obj
[2/2] Linking C executable cmTC_5f05f


Source file was:
int main(void) { return 0; }

Performing C SOURCE FILE Test check_C__nostartfiles__nostdlib__isystem___workdir_zephyr_sdk_arm_zephyr_eabi_bin____lib_gcc_arm_zephyr_eabi_10_3_0_include___isystem___workdir_zephyr_sdk_arm_zephyr_eabi_bin____lib_gcc_arm_zephyr_eabi_10_3_0_include_fixed___Wl___unresolved_symbols_ignore_in_object_files__Wl___entry_0__mfpu_fpv5_sp_d16 succeeded with the following output:
Change Dir: /workdir/project/build_circuitdojo_feather_nrf9160_ns/CMakeFiles/CMakeScratch/TryCompile-7aHXDG

Run Build Command(s):/usr/bin/ninja cmTC_6f930 && [1/2] Building C object CMakeFiles/cmTC_6f930.dir/src.c.obj
[2/2] Linking C executable cmTC_6f930


Source file was:
int main(void) { return 0; }

Performing C SOURCE FILE Test check_C__nostartfiles__nostdlib__isystem___workdir_zephyr_sdk_arm_zephyr_eabi_bin____lib_gcc_arm_zephyr_eabi_10_3_0_include___isystem___workdir_zephyr_sdk_arm_zephyr_eabi_bin____lib_gcc_arm_zephyr_eabi_10_3_0_include_fixed___Wl___unresolved_symbols_ignore_in_object_files__Wl___entry_0__mfp16_format_ieee succeeded with the following output:
Change Dir: /workdir/project/build_circuitdojo_feather_nrf9160_ns/CMakeFiles/CMakeScratch/TryCompile-hXu2Ds

Run Build Command(s):/usr/bin/ninja cmTC_2eb5b && [1/2] Building C object CMakeFiles/cmTC_2eb5b.dir/src.c.obj
[2/2] Linking C executable cmTC_2eb5b


Source file was:
int main(void) { return 0; }

Performing C SOURCE FILE Test check_C__nostartfiles__nostdlib__isystem___workdir_zephyr_sdk_arm_zephyr_eabi_bin____lib_gcc_arm_zephyr_eabi_10_3_0_include___isystem___workdir_zephyr_sdk_arm_zephyr_eabi_bin____lib_gcc_arm_zephyr_eabi_10_3_0_include_fixed___Wl___unresolved_symbols_ignore_in_object_files__Wl___entry_0__Wl___gc_sections succeeded with the following output:
Change Dir: /workdir/project/build_circuitdojo_feather_nrf9160_ns/CMakeFiles/CMakeScratch/TryCompile-JWaXY5

Run Build Command(s):/usr/bin/ninja cmTC_8fe88 && [1/2] Building C object CMakeFiles/cmTC_8fe88.dir/src.c.obj
[2/2] Linking C executable cmTC_8fe88


Source file was:
int main(void) { return 0; }

Performing C SOURCE FILE Test check_C__nostartfiles__nostdlib__isystem___workdir_zephyr_sdk_arm_zephyr_eabi_bin____lib_gcc_arm_zephyr_eabi_10_3_0_include___isystem___workdir_zephyr_sdk_arm_zephyr_eabi_bin____lib_gcc_arm_zephyr_eabi_10_3_0_include_fixed___Wl___unresolved_symbols_ignore_in_object_files__Wl___entry_0__Wl___build_id_none succeeded with the following output:
Change Dir: /workdir/project/build_circuitdojo_feather_nrf9160_ns/CMakeFiles/CMakeScratch/TryCompile-ExDna9

Run Build Command(s):/usr/bin/ninja cmTC_d0a93 && [1/2] Building C object CMakeFiles/cmTC_d0a93.dir/src.c.obj
[2/2] Linking C executable cmTC_d0a93


Source file was:
int main(void) { return 0; }

Performing C SOURCE FILE Test check_C__nostartfiles__nostdlib__isystem___workdir_zephyr_sdk_arm_zephyr_eabi_bin____lib_gcc_arm_zephyr_eabi_10_3_0_include___isystem___workdir_zephyr_sdk_arm_zephyr_eabi_bin____lib_gcc_arm_zephyr_eabi_10_3_0_include_fixed___Wl___unresolved_symbols_ignore_in_object_files__Wl___entry_0__Wl___sort_common_descending succeeded with the following output:
Change Dir: /workdir/project/build_circuitdojo_feather_nrf9160_ns/CMakeFiles/CMakeScratch/TryCompile-8ooF3F

Run Build Command(s):/usr/bin/ninja cmTC_4185d && [1/2] Building C object CMakeFiles/cmTC_4185d.dir/src.c.obj
[2/2] Linking C executable cmTC_4185d


Source file was:
int main(void) { return 0; }

Performing C SOURCE FILE Test check_C__nostartfiles__nostdlib__isystem___workdir_zephyr_sdk_arm_zephyr_eabi_bin____lib_gcc_arm_zephyr_eabi_10_3_0_include___isystem___workdir_zephyr_sdk_arm_zephyr_eabi_bin____lib_gcc_arm_zephyr_eabi_10_3_0_include_fixed___Wl___unresolved_symbols_ignore_in_object_files__Wl___entry_0__Wl___sort_section_alignment succeeded with the following output:
Change Dir: /workdir/project/build_circuitdojo_feather_nrf9160_ns/CMakeFiles/CMakeScratch/TryCompile-aYu3nO

Run Build Command(s):/usr/bin/ninja cmTC_0613a && [1/2] Building C object CMakeFiles/cmTC_0613a.dir/src.c.obj
[2/2] Linking C executable cmTC_0613a


Source file was:
int main(void) { return 0; }

Performing C SOURCE FILE Test check_C__nostartfiles__nostdlib__isystem___workdir_zephyr_sdk_arm_zephyr_eabi_bin____lib_gcc_arm_zephyr_eabi_10_3_0_include___isystem___workdir_zephyr_sdk_arm_zephyr_eabi_bin____lib_gcc_arm_zephyr_eabi_10_3_0_include_fixed___Wl___unresolved_symbols_ignore_in_object_files__Wl___entry_0__nostdlib succeeded with the following output:
Change Dir: /workdir/project/build_circuitdojo_feather_nrf9160_ns/CMakeFiles/CMakeScratch/TryCompile-tRsXeL

Run Build Command(s):/usr/bin/ninja cmTC_7ec56 && [1/2] Building C object CMakeFiles/cmTC_7ec56.dir/src.c.obj
[2/2] Linking C executable cmTC_7ec56


Source file was:
int main(void) { return 0; }

Performing C SOURCE FILE Test check_C__nostartfiles__nostdlib__isystem___workdir_zephyr_sdk_arm_zephyr_eabi_bin____lib_gcc_arm_zephyr_eabi_10_3_0_include___isystem___workdir_zephyr_sdk_arm_zephyr_eabi_bin____lib_gcc_arm_zephyr_eabi_10_3_0_include_fixed___Wl___unresolved_symbols_ignore_in_object_files__Wl___entry_0__static succeeded with the following output:
Change Dir: /workdir/project/build_circuitdojo_feather_nrf9160_ns/CMakeFiles/CMakeScratch/TryCompile-hwfa5E

Run Build Command(s):/usr/bin/ninja cmTC_5215a && [1/2] Building C object CMakeFiles/cmTC_5215a.dir/src.c.obj
[2/2] Linking C executable cmTC_5215a


Source file was:
int main(void) { return 0; }

Performing C SOURCE FILE Test check_C__nostartfiles__nostdlib__isystem___workdir_zephyr_sdk_arm_zephyr_eabi_bin____lib_gcc_arm_zephyr_eabi_10_3_0_include___isystem___workdir_zephyr_sdk_arm_zephyr_eabi_bin____lib_gcc_arm_zephyr_eabi_10_3_0_include_fixed___Wl___unresolved_symbols_ignore_in_object_files__Wl___entry_0__Wl__X succeeded with the following output:
Change Dir: /workdir/project/build_circuitdojo_feather_nrf9160_ns/CMakeFiles/CMakeScratch/TryCompile-A0dz2P

Run Build Command(s):/usr/bin/ninja cmTC_1944c && [1/2] Building C object CMakeFiles/cmTC_1944c.dir/src.c.obj
[2/2] Linking C executable cmTC_1944c


Source file was:
int main(void) { return 0; }

Performing C SOURCE FILE Test check_C__nostartfiles__nostdlib__isystem___workdir_zephyr_sdk_arm_zephyr_eabi_bin____lib_gcc_arm_zephyr_eabi_10_3_0_include___isystem___workdir_zephyr_sdk_arm_zephyr_eabi_bin____lib_gcc_arm_zephyr_eabi_10_3_0_include_fixed___Wl___unresolved_symbols_ignore_in_object_files__Wl___entry_0__Wl__N succeeded with the following output:
Change Dir: /workdir/project/build_circuitdojo_feather_nrf9160_ns/CMakeFiles/CMakeScratch/TryCompile-kEtB0I

Run Build Command(s):/usr/bin/ninja cmTC_4d183 && [1/2] Building C object CMakeFiles/cmTC_4d183.dir/src.c.obj
[2/2] Linking C executable cmTC_4d183


Source file was:
int main(void) { return 0; }

Performing C SOURCE FILE Test check_C__nostartfiles__nostdlib__isystem___workdir_zephyr_sdk_arm_zephyr_eabi_bin____lib_gcc_arm_zephyr_eabi_10_3_0_include___isystem___workdir_zephyr_sdk_arm_zephyr_eabi_bin____lib_gcc_arm_zephyr_eabi_10_3_0_include_fixed___Wl___unresolved_symbols_ignore_in_object_files__Wl___entry_0__Wl___orphan_handling_warn succeeded with the following output:
Change Dir: /workdir/project/build_circuitdojo_feather_nrf9160_ns/CMakeFiles/CMakeScratch/TryCompile-fh33Yv

Run Build Command(s):/usr/bin/ninja cmTC_674ae && [1/2] Building C object CMakeFiles/cmTC_674ae.dir/src.c.obj
[2/2] Linking C executable cmTC_674ae


Source file was:
int main(void) { return 0; }

Performing C SOURCE FILE Test check_fno_asynchronous_unwind_tables_C__nostartfiles__nostdlib__isystem___workdir_zephyr_sdk_arm_zephyr_eabi_bin____lib_gcc_arm_zephyr_eabi_10_3_0_include___isystem___workdir_zephyr_sdk_arm_zephyr_eabi_bin____lib_gcc_arm_zephyr_eabi_10_3_0_include_fixed___Wl___unresolved_symbols_ignore_in_object_files__Wl___entry_0 succeeded with the following output:
Change Dir: /workdir/project/build_circuitdojo_feather_nrf9160_ns/CMakeFiles/CMakeScratch/TryCompile-gcH6gZ

Run Build Command(s):/usr/bin/ninja cmTC_4c6d3 && [1/2] Building C object CMakeFiles/cmTC_4c6d3.dir/src.c.obj
[2/2] Linking C executable cmTC_4c6d3


Source file was:
int main(void) { return 0; }

Performing C SOURCE FILE Test check_fno_pie_C__nostartfiles__nostdlib__isystem___workdir_zephyr_sdk_arm_zephyr_eabi_bin____lib_gcc_arm_zephyr_eabi_10_3_0_include___isystem___workdir_zephyr_sdk_arm_zephyr_eabi_bin____lib_gcc_arm_zephyr_eabi_10_3_0_include_fixed___Wl___unresolved_symbols_ignore_in_object_files__Wl___entry_0 succeeded with the following output:
Change Dir: /workdir/project/build_circuitdojo_feather_nrf9160_ns/CMakeFiles/CMakeScratch/TryCompile-0P02lA

Run Build Command(s):/usr/bin/ninja cmTC_54a6f && [1/2] Building C object CMakeFiles/cmTC_54a6f.dir/src.c.obj
[2/2] Linking C executable cmTC_54a6f


Source file was:
int main(void) { return 0; }

Performing C SOURCE FILE Test check_fno_pic_C__nostartfiles__nostdlib__isystem___workdir_zephyr_sdk_arm_zephyr_eabi_bin____lib_gcc_arm_zephyr_eabi_10_3_0_include___isystem___workdir_zephyr_sdk_arm_zephyr_eabi_bin____lib_gcc_arm_zephyr_eabi_10_3_0_include_fixed___Wl___unresolved_symbols_ignore_in_object_files__Wl___entry_0 succeeded with the following output:
Change Dir: /workdir/project/build_circuitdojo_feather_nrf9160_ns/CMakeFiles/CMakeScratch/TryCompile-68johq

Run Build Command(s):/usr/bin/ninja cmTC_0be4d && [1/2] Building C object CMakeFiles/cmTC_0be4d.dir/src.c.obj
[2/2] Linking C executable cmTC_0be4d


Source file was:
int main(void) { return 0; }

Performing C SOURCE FILE Test check_fno_reorder_functions_C__nostartfiles__nostdlib__isystem___workdir_zephyr_sdk_arm_zephyr_eabi_bin____lib_gcc_arm_zephyr_eabi_10_3_0_include___isystem___workdir_zephyr_sdk_arm_zephyr_eabi_bin____lib_gcc_arm_zephyr_eabi_10_3_0_include_fixed___Wl___unresolved_symbols_ignore_in_object_files__Wl___entry_0 succeeded with the following output:
Change Dir: /workdir/project/build_circuitdojo_feather_nrf9160_ns/CMakeFiles/CMakeScratch/TryCompile-NgEi1B

Run Build Command(s):/usr/bin/ninja cmTC_ffbc5 && [1/2] Building C object CMakeFiles/cmTC_ffbc5.dir/src.c.obj
[2/2] Linking C executable cmTC_ffbc5


Source file was:
int main(void) { return 0; }

Performing C SOURCE FILE Test check_fno_defer_pop_C__nostartfiles__nostdlib__isystem___workdir_zephyr_sdk_arm_zephyr_eabi_bin____lib_gcc_arm_zephyr_eabi_10_3_0_include___isystem___workdir_zephyr_sdk_arm_zephyr_eabi_bin____lib_gcc_arm_zephyr_eabi_10_3_0_include_fixed___Wl___unresolved_symbols_ignore_in_object_files__Wl___entry_0 succeeded with the following output:
Change Dir: /workdir/project/build_circuitdojo_feather_nrf9160_ns/CMakeFiles/CMakeScratch/TryCompile-zaE9q8

Run Build Command(s):/usr/bin/ninja cmTC_34a65 && [1/2] Building C object CMakeFiles/cmTC_34a65.dir/src.c.obj
[2/2] Linking C executable cmTC_34a65


Source file was:
int main(void) { return 0; }

Performing C SOURCE FILE Test check_fmacro_prefix_map__workdir_project_CMAKE_SOURCE_DIR_C__nostartfiles__nostdlib__isystem___workdir_zephyr_sdk_arm_zephyr_eabi_bin____lib_gcc_arm_zephyr_eabi_10_3_0_include___isystem___workdir_zephyr_sdk_arm_zephyr_eabi_bin____lib_gcc_arm_zephyr_eabi_10_3_0_include_fixed___Wl___unresolved_symbols_ignore_in_object_files__Wl___entry_0 succeeded with the following output:
Change Dir: /workdir/project/build_circuitdojo_feather_nrf9160_ns/CMakeFiles/CMakeScratch/TryCompile-5UD5sf

Run Build Command(s):/usr/bin/ninja cmTC_51179 && [1/2] Building C object CMakeFiles/cmTC_51179.dir/src.c.obj
[2/2] Linking C executable cmTC_51179


Source file was:
int main(void) { return 0; }

Performing C SOURCE FILE Test check_fmacro_prefix_map__workdir_zephyr_ZEPHYR_BASE_C__nostartfiles__nostdlib__isystem___workdir_zephyr_sdk_arm_zephyr_eabi_bin____lib_gcc_arm_zephyr_eabi_10_3_0_include___isystem___workdir_zephyr_sdk_arm_zephyr_eabi_bin____lib_gcc_arm_zephyr_eabi_10_3_0_include_fixed___Wl___unresolved_symbols_ignore_in_object_files__Wl___entry_0 succeeded with the following output:
Change Dir: /workdir/project/build_circuitdojo_feather_nrf9160_ns/CMakeFiles/CMakeScratch/TryCompile-3TDUV5

Run Build Command(s):/usr/bin/ninja cmTC_bab21 && [1/2] Building C object CMakeFiles/cmTC_bab21.dir/src.c.obj
[2/2] Linking C executable cmTC_bab21


Source file was:
int main(void) { return 0; }

Performing C SOURCE FILE Test check_fmacro_prefix_map__workdir_WEST_TOPDIR_C__nostartfiles__nostdlib__isystem___workdir_zephyr_sdk_arm_zephyr_eabi_bin____lib_gcc_arm_zephyr_eabi_10_3_0_include___isystem___workdir_zephyr_sdk_arm_zephyr_eabi_bin____lib_gcc_arm_zephyr_eabi_10_3_0_include_fixed___Wl___unresolved_symbols_ignore_in_object_files__Wl___entry_0 succeeded with the following output:
Change Dir: /workdir/project/build_circuitdojo_feather_nrf9160_ns/CMakeFiles/CMakeScratch/TryCompile-5RZMjC

Run Build Command(s):/usr/bin/ninja cmTC_855f9 && [1/2] Building C object CMakeFiles/cmTC_855f9.dir/src.c.obj
[2/2] Linking C executable cmTC_855f9


Source file was:
int main(void) { return 0; }

Performing C SOURCE FILE Test check_ffunction_sections_C__nostartfiles__nostdlib__isystem___workdir_zephyr_sdk_arm_zephyr_eabi_bin____lib_gcc_arm_zephyr_eabi_10_3_0_include___isystem___workdir_zephyr_sdk_arm_zephyr_eabi_bin____lib_gcc_arm_zephyr_eabi_10_3_0_include_fixed___Wl___unresolved_symbols_ignore_in_object_files__Wl___entry_0 succeeded with the following output:
Change Dir: /workdir/project/build_circuitdojo_feather_nrf9160_ns/CMakeFiles/CMakeScratch/TryCompile-J9sdBF

Run Build Command(s):/usr/bin/ninja cmTC_55377 && [1/2] Building C object CMakeFiles/cmTC_55377.dir/src.c.obj
[2/2] Linking C executable cmTC_55377


Source file was:
int main(void) { return 0; }

Performing C SOURCE FILE Test check_fdata_sections_C__nostartfiles__nostdlib__isystem___workdir_zephyr_sdk_arm_zephyr_eabi_bin____lib_gcc_arm_zephyr_eabi_10_3_0_include___isystem___workdir_zephyr_sdk_arm_zephyr_eabi_bin____lib_gcc_arm_zephyr_eabi_10_3_0_include_fixed___Wl___unresolved_symbols_ignore_in_object_files__Wl___entry_0 succeeded with the following output:
Change Dir: /workdir/project/build_circuitdojo_feather_nrf9160_ns/CMakeFiles/CMakeScratch/TryCompile-lMMWnZ

Run Build Command(s):/usr/bin/ninja cmTC_d5046 && [1/2] Building C object CMakeFiles/cmTC_d5046.dir/src.c.obj
[2/2] Linking C executable cmTC_d5046


Source file was:
int main(void) { return 0; }

