Performing C SOURCE FILE Test check_mstack_protector_guard_global_C__nostartfiles__nostdlib__isystem___workdir_zephyr_sdk_arm_zephyr_eabi_bin____lib_gcc_arm_zephyr_eabi_10_3_0_include___isystem___workdir_zephyr_sdk_arm_zephyr_eabi_bin____lib_gcc_arm_zephyr_eabi_10_3_0_include_fixed___Wl___unresolved_symbols_ignore_in_object_files__Wl___entry_0 failed with the following output:
Change Dir: /workdir/project/build_nrf9160dk_nrf9160_ns/CMakeFiles/CMakeScratch/TryCompile-IQJlRt

Run Build Command(s):/usr/bin/ninja cmTC_dfa6a && [1/2] Building C object CMakeFiles/cmTC_dfa6a.dir/src.c.obj
FAILED: CMakeFiles/cmTC_dfa6a.dir/src.c.obj 
/workdir/zephyr-sdk/arm-zephyr-eabi/bin/arm-zephyr-eabi-gcc -Dcheck_mstack_protector_guard_global_C__nostartfiles__nostdlib__isystem___workdir_zephyr_sdk_arm_zephyr_eabi_bin____lib_gcc_arm_zephyr_eabi_10_3_0_include___isystem___workdir_zephyr_sdk_arm_zephyr_eabi_bin____lib_gcc_arm_zephyr_eabi_10_3_0_include_fixed___Wl___unresolved_symbols_ignore_in_object_files__Wl___entry_0  -nostartfiles -nostdlib -isystem "/workdir/zephyr-sdk/arm-zephyr-eabi/bin/../lib/gcc/arm-zephyr-eabi/10.3.0/include" -isystem "/workdir/zephyr-sdk/arm-zephyr-eabi/bin/../lib/gcc/arm-zephyr-eabi/10.3.0/include-fixed" -Wl,--unresolved-symbols=ignore-in-object-files -Wl,--entry=0   -mstack-protector-guard=global -o CMakeFiles/cmTC_dfa6a.dir/src.c.obj -c /workdir/project/build_nrf9160dk_nrf9160_ns/CMakeFiles/CMakeScratch/TryCompile-IQJlRt/src.c
arm-zephyr-eabi-gcc: error: unrecognized command-line option '-mstack-protector-guard=global'; did you mean '-fstack-protector-all'?
ninja: build stopped: subcommand failed.


Source file was:
int main(void) { return 0; }

Performing C SOURCE FILE Test check_C__nostartfiles__nostdlib__isystem___workdir_zephyr_sdk_arm_zephyr_eabi_bin____lib_gcc_arm_zephyr_eabi_10_3_0_include___isystem___workdir_zephyr_sdk_arm_zephyr_eabi_bin____lib_gcc_arm_zephyr_eabi_10_3_0_include_fixed___Wl___unresolved_symbols_ignore_in_object_files__Wl___entry_0__lasan failed with the following output:
Change Dir: /workdir/project/build_nrf9160dk_nrf9160_ns/CMakeFiles/CMakeScratch/TryCompile-cwlpQZ

Run Build Command(s):/usr/bin/ninja cmTC_71c95 && [1/2] Building C object CMakeFiles/cmTC_71c95.dir/src.c.obj
[2/2] Linking C executable cmTC_71c95
FAILED: cmTC_71c95 
: && /workdir/zephyr-sdk/arm-zephyr-eabi/bin/arm-zephyr-eabi-gcc -nostartfiles -nostdlib -isystem "/workdir/zephyr-sdk/arm-zephyr-eabi/bin/../lib/gcc/arm-zephyr-eabi/10.3.0/include" -isystem "/workdir/zephyr-sdk/arm-zephyr-eabi/bin/../lib/gcc/arm-zephyr-eabi/10.3.0/include-fixed" -Wl,--unresolved-symbols=ignore-in-object-files -Wl,--entry=0 -lasan  CMakeFiles/cmTC_71c95.dir/src.c.obj -o cmTC_71c95   && :
/workdir/zephyr-sdk/arm-zephyr-eabi/bin/../lib/gcc/arm-zephyr-eabi/10.3.0/../../../../arm-zephyr-eabi/bin/ld: cannot find -lasan
collect2: error: ld returned 1 exit status
ninja: build stopped: subcommand failed.


Source file was:
int main(void) { return 0; }

Performing C SOURCE FILE Test check_C__nostartfiles__nostdlib__isystem___workdir_zephyr_sdk_arm_zephyr_eabi_bin____lib_gcc_arm_zephyr_eabi_10_3_0_include___isystem___workdir_zephyr_sdk_arm_zephyr_eabi_bin____lib_gcc_arm_zephyr_eabi_10_3_0_include_fixed___Wl___unresolved_symbols_ignore_in_object_files__Wl___entry_0__mfloat_abi_hard failed with the following output:
Change Dir: /workdir/project/build_nrf9160dk_nrf9160_ns/CMakeFiles/CMakeScratch/TryCompile-ARXDBp

Run Build Command(s):/usr/bin/ninja cmTC_a3d2f && [1/2] Building C object CMakeFiles/cmTC_a3d2f.dir/src.c.obj
FAILED: CMakeFiles/cmTC_a3d2f.dir/src.c.obj 
/workdir/zephyr-sdk/arm-zephyr-eabi/bin/arm-zephyr-eabi-gcc -Dcheck_C__nostartfiles__nostdlib__isystem___workdir_zephyr_sdk_arm_zephyr_eabi_bin____lib_gcc_arm_zephyr_eabi_10_3_0_include___isystem___workdir_zephyr_sdk_arm_zephyr_eabi_bin____lib_gcc_arm_zephyr_eabi_10_3_0_include_fixed___Wl___unresolved_symbols_ignore_in_object_files__Wl___entry_0__mfloat_abi_hard  -nostartfiles -nostdlib -isystem "/workdir/zephyr-sdk/arm-zephyr-eabi/bin/../lib/gcc/arm-zephyr-eabi/10.3.0/include" -isystem "/workdir/zephyr-sdk/arm-zephyr-eabi/bin/../lib/gcc/arm-zephyr-eabi/10.3.0/include-fixed" -Wl,--unresolved-symbols=ignore-in-object-files -Wl,--entry=0 -mfloat-abi=hard -o CMakeFiles/cmTC_a3d2f.dir/src.c.obj -c /workdir/project/build_nrf9160dk_nrf9160_ns/CMakeFiles/CMakeScratch/TryCompile-ARXDBp/src.c
cc1: error: '-mfloat-abi=hard': selected processor lacks an FPU
ninja: build stopped: subcommand failed.


Source file was:
int main(void) { return 0; }

